<?xml version="1.0" encoding="UTF-8"?>
<testsuites>
  <testsuite name="tests" tests="4" failures="1">
    <testcase name="validate_input__rejects_empty_email" classname="tests::validate_input" time="0.001">
    </testcase>
    <testcase name="validate_input__accepts_valid_email" classname="tests::validate_input" time="0.002">
    </testcase>
    <testcase name="data_integrity__holds_under_mutation" classname="tests::data_integrity" time="0.003">
    </testcase>
    <testcase name="data_integrity__extra_check" classname="tests::data_integrity" time="0.001">
      <failure message="assertion failed: expected true">expected true, got false</failure>
    </testcase>
  </testsuite>
</testsuites>
